#! /c/Source/iverilog-install/bin/vvp
:ivl_version "12.0 (devel)" "(s20150603-1539-g2693dd32b)";
:ivl_delay_selection "TYPICAL";
:vpi_time_precision + 0;
:vpi_module "c:\iverilog\lib\ivl\system.vpi";
:vpi_module "c:\iverilog\lib\ivl\vhdl_sys.vpi";
:vpi_module "c:\iverilog\lib\ivl\vhdl_textio.vpi";
:vpi_module "c:\iverilog\lib\ivl\v2005_math.vpi";
:vpi_module "c:\iverilog\lib\ivl\va_math.vpi";
S_0000024ffc9c7720 .scope module, "and_2_behave" "and_2_behave" 2 15;
 .timescale 0 0;
    .port_info 0 /OUTPUT 1 "F";
    .port_info 1 /INPUT 1 "A";
    .port_info 2 /INPUT 1 "B";
o0000024ffc9d7fb8 .functor BUFZ 1, C4<z>; HiZ drive
v0000024ffc9a31f0_0 .net "A", 0 0, o0000024ffc9d7fb8;  0 drivers
o0000024ffc9d7fe8 .functor BUFZ 1, C4<z>; HiZ drive
v0000024ffc9a2fd0_0 .net "B", 0 0, o0000024ffc9d7fe8;  0 drivers
v0000024ffc9c6560_0 .var "F", 0 0;
E_0000024ffc988c70 .event anyedge, v0000024ffc9a2fd0_0, v0000024ffc9a31f0_0;
S_0000024ffc98d270 .scope module, "and_2_gatelevel" "and_2_gatelevel" 2 3;
 .timescale 0 0;
    .port_info 0 /OUTPUT 1 "F";
    .port_info 1 /INPUT 1 "A";
    .port_info 2 /INPUT 1 "B";
o0000024ffc9d80d8 .functor BUFZ 1, C4<z>; HiZ drive
o0000024ffc9d8108 .functor BUFZ 1, C4<z>; HiZ drive
L_0000024ffc9d6c90 .functor AND 1, o0000024ffc9d80d8, o0000024ffc9d8108, C4<1>, C4<1>;
v0000024ffc9c4fc0_0 .net "A", 0 0, o0000024ffc9d80d8;  0 drivers
v0000024ffc98d590_0 .net "B", 0 0, o0000024ffc9d8108;  0 drivers
v0000024ffc98d630_0 .net "F", 0 0, L_0000024ffc9d6c90;  1 drivers
S_0000024ffc98d400 .scope module, "tb" "tb" 2 26;
 .timescale 0 0;
v0000024ffc9d6bf0_0 .var "A1", 0 0;
v0000024ffc9a2970_0 .var "B1", 0 0;
v0000024ffc9a2a10_0 .net "F1", 0 0, L_0000024ffc9c5060;  1 drivers
S_0000024ffc9d6880 .scope module, "instance2" "and_2_data_flow" 2 33, 2 9 0, S_0000024ffc98d400;
 .timescale 0 0;
    .port_info 0 /OUTPUT 1 "F";
    .port_info 1 /INPUT 1 "A";
    .port_info 2 /INPUT 1 "B";
L_0000024ffc9c5060 .functor AND 1, v0000024ffc9d6bf0_0, v0000024ffc9a2970_0, C4<1>, C4<1>;
v0000024ffc9d6a10_0 .net "A", 0 0, v0000024ffc9d6bf0_0;  1 drivers
v0000024ffc9d6ab0_0 .net "B", 0 0, v0000024ffc9a2970_0;  1 drivers
v0000024ffc9d6b50_0 .net "F", 0 0, L_0000024ffc9c5060;  alias, 1 drivers
    .scope S_0000024ffc9c7720;
T_0 ;
    %wait E_0000024ffc988c70;
    %load/vec4 v0000024ffc9a31f0_0;
    %pushi/vec4 1, 0, 1;
    %cmp/e;
    %flag_get/vec4 4;
    %load/vec4 v0000024ffc9a2fd0_0;
    %pushi/vec4 1, 0, 1;
    %cmp/e;
    %flag_get/vec4 4;
    %and;
    %flag_set/vec4 8;
    %jmp/0xz  T_0.0, 8;
    %pushi/vec4 1, 0, 1;
    %store/vec4 v0000024ffc9c6560_0, 0, 1;
    %jmp T_0.1;
T_0.0 ;
    %pushi/vec4 0, 0, 1;
    %store/vec4 v0000024ffc9c6560_0, 0, 1;
T_0.1 ;
    %jmp T_0;
    .thread T_0, $push;
    .scope S_0000024ffc98d400;
T_1 ;
    %pushi/vec4 0, 0, 1;
    %store/vec4 v0000024ffc9d6bf0_0, 0, 1;
    %pushi/vec4 0, 0, 1;
    %store/vec4 v0000024ffc9a2970_0, 0, 1;
    %delay 1, 0;
    %pushi/vec4 0, 0, 1;
    %store/vec4 v0000024ffc9d6bf0_0, 0, 1;
    %pushi/vec4 1, 0, 1;
    %store/vec4 v0000024ffc9a2970_0, 0, 1;
    %delay 1, 0;
    %pushi/vec4 1, 0, 1;
    %store/vec4 v0000024ffc9d6bf0_0, 0, 1;
    %pushi/vec4 0, 0, 1;
    %store/vec4 v0000024ffc9a2970_0, 0, 1;
    %delay 1, 0;
    %pushi/vec4 1, 0, 1;
    %store/vec4 v0000024ffc9d6bf0_0, 0, 1;
    %pushi/vec4 1, 0, 1;
    %store/vec4 v0000024ffc9a2970_0, 0, 1;
    %delay 1, 0;
    %end;
    .thread T_1;
    .scope S_0000024ffc98d400;
T_2 ;
    %vpi_call 2 44 "$monitor", "%t A1=%d, B1=%d, F1=%d", $time, v0000024ffc9d6bf0_0, v0000024ffc9a2970_0, v0000024ffc9a2a10_0 {0 0 0};
    %vpi_call 2 45 "$dumpfile", "dump.vcd" {0 0 0};
    %vpi_call 2 46 "$dumpvars" {0 0 0};
    %end;
    .thread T_2;
# The file index is used to find the file name in the following table.
:file_names 3;
    "N/A";
    "<interactive>";
    "andgate.v";
